<?xml version="1.0" encoding="UTF-8"?>
<testng-results total="1" passed="1" failed="0" skipped="0">
  <reporter-output>
  </reporter-output>
  <suite started-at="2018-07-05T06:17:39Z" name="Default suite" finished-at="2018-07-05T06:18:19Z" duration-ms="40675">
    <groups>
    </groups>
    <test started-at="2018-07-05T06:17:39Z" name="Default test" finished-at="2018-07-05T06:18:19Z" duration-ms="40675">
      <class name="autoIT.TestAutoit">
        <test-method signature="test()[pri:0, instance:autoIT.TestAutoit@74751b3]" started-at="2018-07-05T11:47:39Z" name="test" finished-at="2018-07-05T11:48:19Z" duration-ms="40636" status="PASS">
          <reporter-output>
          </reporter-output>
        </test-method> <!-- test -->
      </class> <!-- autoIT.TestAutoit -->
    </test> <!-- Default test -->
  </suite> <!-- Default suite -->
</testng-results>
